<?xml version="1.0" encoding="UTF-8"?>
<!-- Generated by org.testng.reporters.JUnitReportReporter -->
<testsuite hostname="himanshu-Inspiron-3542" failures="0" tests="1" name="runner.JewelleryCombos_Testrunner" time="20.773" errors="0" timestamp="2024-08-31T21:58:57 IST" skipped="0">
  <testcase classname="runner.JewelleryCombos_Testrunner" name="runScenario" time="20.773"/>
</testsuite> <!-- runner.JewelleryCombos_Testrunner -->
